Success: Loaded 'tv' module
Native Method Error ind_SMA: name 'tv' is not defined
Success: Loaded 'tv' module
SMA_20 calculated successfully. shape=(6171, 8)
SMA_20 calculated successfully. shape=(6171, 8)
Success: Loaded 'tv' module
SMA_20 calculated successfully. shape=(6171, 8)
Success: Loaded 'tv' module
SMA_20 calculated successfully. shape=(3085, 8)
SMA_20 calculated successfully. shape=(6171, 8)
Success: Loaded 'tv' module
Native Method Error ind_EMA: name 'tv' is not defined
Native Method Error ind_EMA: name 'tv' is not defined
Success: Loaded 'tv' module
Native Method Error ind_EMA: name 'tv' is not defined
Native Method Error ind_EMA: name 'tv' is not defined
Native Method Error ind_EMA: name 'tv' is not defined
Native Method Error ind_EMA: name 'tv' is not defined
Native Method Error ind_EMA: name 'tv' is not defined
Native Method Error ind_EMA: name 'tv' is not defined
Native Method Error ind_EMA: name 'tv' is not defined
Native Method Error ind_EMA: name 'tv' is not defined
Native Method Error ind_EMA: name 'tv' is not defined
Native Method Error ind_EMA: name 'tv' is not defined
Native Method Error ind_Bollinger: name 'tv' is not defined
Native Method Error ind_Bollinger: name 'tv' is not defined
Native Method Error ind_EMA: name 'tv' is not defined
Native Method Error ind_EMA: name 'tv' is not defined
Native Method Error ind_Bollinger: name 'tv' is not defined
Native Method Error ind_MACD: name 'tv' is not defined
Native Method Error ind_Bollinger: name 'tv' is not defined
Native Method Error ind_MACD: name 'tv' is not defined
Native Method Error ind_MACD: name 'tv' is not defined
Native Method Error ind_Bollinger: name 'tv' is not defined
Native Method Error ind_MACD: name 'tv' is not defined
Native Method Error ind_EMA: name 'tv' is not defined
Native Method Error ind_Bollinger: name 'tv' is not defined
Native Method Error ind_MACD: name 'tv' is not defined
Native Method Error ind_EMA: name 'tv' is not defined
Native Method Error ind_EMA: name 'tv' is not defined
Native Method Error ind_Bollinger: name 'tv' is not defined
Native Method Error ind_MACD: name 'tv' is not defined
Native Method Error ind_Bollinger: name 'tv' is not defined
Native Method Error ind_MACD: name 'tv' is not defined
Native Method Error ind_Bollinger: name 'tv' is not defined
Native Method Error ind_Bollinger: name 'tv' is not defined
Native Method Error ind_MACD: name 'tv' is not defined
Native Method Error ind_MACD: name 'tv' is not defined
Native Method Error ind_MACD: name 'tv' is not defined
Native Method Error ind_MACD: name 'tv' is not defined
Native Method Error ind_EMA: name 'tv' is not defined
Native Method Error ind_EMA: name 'tv' is not defined
Native Method Error ind_EMA: name 'tv' is not defined
Native Method Error ind_EMA: name 'tv' is not defined
Native Method Error ind_EMA: name 'tv' is not defined
Native Method Error ind_EMA: name 'tv' is not defined
Native Method Error ind_RSI: name 'tv' is not defined
Native Method Error ind_RSI: name 'tv' is not defined
Native Method Error ind_EMA: name 'tv' is not defined
Native Method Error ind_EMA: name 'tv' is not defined
Native Method Error ind_RSI: name 'tv' is not defined
Native Method Error ind_RSI: name 'tv' is not defined
Native Method Error ind_MACD: name 'tv' is not defined
Native Method Error ind_MACD: name 'tv' is not defined
Native Method Error ind_EMA: name 'tv' is not defined
Native Method Error ind_EMA: name 'tv' is not defined
Native Method Error ind_Bollinger: name 'tv' is not defined
Native Method Error ind_MACD: name 'tv' is not defined
Native Method Error ind_RSI: name 'tv' is not defined
Native Method Error ind_Bollinger: name 'tv' is not defined
Native Method Error ind_MACD: name 'tv' is not defined
Native Method Error ind_RSI: name 'tv' is not defined
Native Method Error ind_EMA: name 'tv' is not defined
Native Method Error ind_EMA: name 'tv' is not defined
Native Method Error ind_Bollinger: name 'tv' is not defined
Native Method Error ind_RSI: name 'tv' is not defined
Native Method Error ind_MACD: name 'tv' is not defined
Native Method Error ind_RSI: name 'tv' is not defined
Native Method Error ind_Bollinger: name 'tv' is not defined
Native Method Error ind_MACD: name 'tv' is not defined
Native Method Error ind_EMA: name 'tv' is not defined
Native Method Error ind_EMA: name 'tv' is not defined
Native Method Error ind_Bollinger: name 'tv' is not defined
Native Method Error ind_RSI: name 'tv' is not defined
Native Method Error ind_RSI: name 'tv' is not defined
Native Method Error ind_Bollinger: name 'tv' is not defined
Native Method Error ind_MACD: name 'tv' is not defined
Native Method Error ind_MACD: name 'tv' is not defined
Success: Loaded 'tv' module
Native Method Error ind_MACD: name 'tv' is not defined
Native Method Error ind_MACD: name 'tv' is not defined
Native Method Error ind_MACD: name 'tv' is not defined
Native Method Error ind_MACD: name 'tv' is not defined
Native Method Error ind_MACD: name 'tv' is not defined
Native Method Error ind_MACD: name 'tv' is not defined
Native Method Error ind_MACD: name 'tv' is not defined
Native Method Error ind_MACD: name 'tv' is not defined
Native Method Error ind_MACD: name 'tv' is not defined
Native Method Error ind_MACD: name 'tv' is not defined
Native Method Error ind_MACD: name 'tv' is not defined
Native Method Error ind_MACD: name 'tv' is not defined
Native Method Error ind_MACD: name 'tv' is not defined
Native Method Error ind_MACD: name 'tv' is not defined
Native Method Error ind_MACD: name 'tv' is not defined
Native Method Error ind_MACD: name 'tv' is not defined
Native Method Error ind_MACD: name 'tv' is not defined
Native Method Error ind_MACD: name 'tv' is not defined
Native Method Error ind_MACD: name 'tv' is not defined
Native Method Error ind_MACD: name 'tv' is not defined
Native Method Error ind_MACD: name 'tv' is not defined
Native Method Error ind_MACD: name 'tv' is not defined
Native Method Error ind_MACD: name 'tv' is not defined
Native Method Error ind_MACD: name 'tv' is not defined
Native Method Error ind_MACD: name 'tv' is not defined
Native Method Error ind_MACD: name 'tv' is not defined
Native Method Error ind_MACD: name 'tv' is not defined
Native Method Error ind_MACD: name 'tv' is not defined
Native Method Error ind_MACD: name 'tv' is not defined
Native Method Error ind_MACD: name 'tv' is not defined
Native Method Error ind_MACD: name 'tv' is not defined
Native Method Error ind_MACD: name 'tv' is not defined
Native Method Error ind_MACD: name 'tv' is not defined
Native Method Error ind_MACD: name 'tv' is not defined
Native Method Error ind_MACD: name 'tv' is not defined
Native Method Error ind_MACD: name 'tv' is not defined
Native Method Error ind_MACD: name 'tv' is not defined
Native Method Error ind_MACD: name 'tv' is not defined
Native Method Error ind_MACD: name 'tv' is not defined
Native Method Error ind_MACD: name 'tv' is not defined
Native Method Error ind_MACD: name 'tv' is not defined
Native Method Error ind_MACD: name 'tv' is not defined
Native Method Error ind_MACD: name 'tv' is not defined
Native Method Error ind_MACD: name 'tv' is not defined
Success: Loaded 'tv' module
Native Method Error ind_MACD: name 'tv' is not defined
Native Method Error ind_MACD: name 'tv' is not defined
Native Method Error ind_MACD: name 'tv' is not defined
Native Method Error ind_MACD: name 'tv' is not defined
Native Method Error ind_MACD: name 'tv' is not defined
Success: Loaded 'tv' module
Native Method Error ind_MACD: name 'tv' is not defined
Native Method Error ind_MACD: name 'tv' is not defined
Success: Loaded 'tv' module
Success: Loaded 'tv' module
Success: Loaded 'tv' module
Success: Loaded 'tv' module
