
[2026-01-20 13:35:13.416338] Indicator Error: BTC_GM2
Traceback (most recent call last):
  File "C:\Users\User\Desktop\Проекты Antigravity\Актуальные\AlgoResearch Lab\backend\server.py", line 152, in calculate_indicator
    df_result = indicator_engine.apply_indicator(df, req.indicator, **params)
                ^^^^^^^^^^^^^^^^^^^^^^^^^^^^^^^^^^^^^^^^^^^^^^^^^^^^^^^^^^^^^
  File "C:\Users\User\Desktop\Проекты Antigravity\Актуальные\AlgoResearch Lab\backend\indicators.py", line 26, in apply_indicator
    return method(df, **kwargs)
           ^^^^^^^^^^^^^^^^^^^^
  File "C:\Users\User\Desktop\Проекты Antigravity\Актуальные\AlgoResearch Lab\backend\indicators.py", line 205, in ind_BTC_GM2
    df['btc_supply'] = self._estimate_btc_supply(df.index.to_series())
                       ^^^^^^^^^^^^^^^^^^^^^^^^^^^^^^^^^^^^^^^^^^^^^^^
  File "C:\Users\User\Desktop\Проекты Antigravity\Актуальные\AlgoResearch Lab\backend\indicators.py", line 152, in _estimate_btc_supply
    return dates.map(get_supply_curve)
           ^^^^^^^^^^^^^^^^^^^^^^^^^^^
  File "C:\Users\User\Desktop\Проекты Antigravity\Актуальные\AlgoResearch Lab\.venv\Lib\site-packages\pandas\core\series.py", line 4719, in map
    new_values = self._map_values(arg, na_action=na_action)
                 ^^^^^^^^^^^^^^^^^^^^^^^^^^^^^^^^^^^^^^^^^^
  File "C:\Users\User\Desktop\Проекты Antigravity\Актуальные\AlgoResearch Lab\.venv\Lib\site-packages\pandas\core\base.py", line 925, in _map_values
    return algorithms.map_array(arr, mapper, na_action=na_action, convert=convert)
           ^^^^^^^^^^^^^^^^^^^^^^^^^^^^^^^^^^^^^^^^^^^^^^^^^^^^^^^^^^^^^^^^^^^^^^^
  File "C:\Users\User\Desktop\Проекты Antigravity\Актуальные\AlgoResearch Lab\.venv\Lib\site-packages\pandas\core\algorithms.py", line 1743, in map_array
    return lib.map_infer(values, mapper, convert=convert)
           ^^^^^^^^^^^^^^^^^^^^^^^^^^^^^^^^^^^^^^^^^^^^^^
  File "pandas/_libs/lib.pyx", line 2999, in pandas._libs.lib.map_infer
  File "C:\Users\User\Desktop\Проекты Antigravity\Актуальные\AlgoResearch Lab\backend\indicators.py", line 124, in get_supply_curve
    if d > t_genesis:
       ^^^^^^^^^^^^^
TypeError: '>' not supported between instances of 'int' and 'Timestamp'

[2026-01-20 13:35:14.858431] Indicator Error: BTC_GM2
Traceback (most recent call last):
  File "C:\Users\User\Desktop\Проекты Antigravity\Актуальные\AlgoResearch Lab\backend\server.py", line 152, in calculate_indicator
    df_result = indicator_engine.apply_indicator(df, req.indicator, **params)
                ^^^^^^^^^^^^^^^^^^^^^^^^^^^^^^^^^^^^^^^^^^^^^^^^^^^^^^^^^^^^^
  File "C:\Users\User\Desktop\Проекты Antigravity\Актуальные\AlgoResearch Lab\backend\indicators.py", line 26, in apply_indicator
    return method(df, **kwargs)
           ^^^^^^^^^^^^^^^^^^^^
  File "C:\Users\User\Desktop\Проекты Antigravity\Актуальные\AlgoResearch Lab\backend\indicators.py", line 205, in ind_BTC_GM2
    df['btc_supply'] = self._estimate_btc_supply(df.index.to_series())
                       ^^^^^^^^^^^^^^^^^^^^^^^^^^^^^^^^^^^^^^^^^^^^^^^
  File "C:\Users\User\Desktop\Проекты Antigravity\Актуальные\AlgoResearch Lab\backend\indicators.py", line 152, in _estimate_btc_supply
    return dates.map(get_supply_curve)
           ^^^^^^^^^^^^^^^^^^^^^^^^^^^
  File "C:\Users\User\Desktop\Проекты Antigravity\Актуальные\AlgoResearch Lab\.venv\Lib\site-packages\pandas\core\series.py", line 4719, in map
    new_values = self._map_values(arg, na_action=na_action)
                 ^^^^^^^^^^^^^^^^^^^^^^^^^^^^^^^^^^^^^^^^^^
  File "C:\Users\User\Desktop\Проекты Antigravity\Актуальные\AlgoResearch Lab\.venv\Lib\site-packages\pandas\core\base.py", line 925, in _map_values
    return algorithms.map_array(arr, mapper, na_action=na_action, convert=convert)
           ^^^^^^^^^^^^^^^^^^^^^^^^^^^^^^^^^^^^^^^^^^^^^^^^^^^^^^^^^^^^^^^^^^^^^^^
  File "C:\Users\User\Desktop\Проекты Antigravity\Актуальные\AlgoResearch Lab\.venv\Lib\site-packages\pandas\core\algorithms.py", line 1743, in map_array
    return lib.map_infer(values, mapper, convert=convert)
           ^^^^^^^^^^^^^^^^^^^^^^^^^^^^^^^^^^^^^^^^^^^^^^
  File "pandas/_libs/lib.pyx", line 2999, in pandas._libs.lib.map_infer
  File "C:\Users\User\Desktop\Проекты Antigravity\Актуальные\AlgoResearch Lab\backend\indicators.py", line 124, in get_supply_curve
    if d > t_genesis:
       ^^^^^^^^^^^^^
TypeError: '>' not supported between instances of 'int' and 'Timestamp'

[2026-01-20 13:35:16.414263] Indicator Error: BTC_GM2
Traceback (most recent call last):
  File "C:\Users\User\Desktop\Проекты Antigravity\Актуальные\AlgoResearch Lab\backend\server.py", line 152, in calculate_indicator
    df_result = indicator_engine.apply_indicator(df, req.indicator, **params)
                ^^^^^^^^^^^^^^^^^^^^^^^^^^^^^^^^^^^^^^^^^^^^^^^^^^^^^^^^^^^^^
  File "C:\Users\User\Desktop\Проекты Antigravity\Актуальные\AlgoResearch Lab\backend\indicators.py", line 26, in apply_indicator
    return method(df, **kwargs)
           ^^^^^^^^^^^^^^^^^^^^
  File "C:\Users\User\Desktop\Проекты Antigravity\Актуальные\AlgoResearch Lab\backend\indicators.py", line 205, in ind_BTC_GM2
    df['btc_supply'] = self._estimate_btc_supply(df.index.to_series())
                       ^^^^^^^^^^^^^^^^^^^^^^^^^^^^^^^^^^^^^^^^^^^^^^^
  File "C:\Users\User\Desktop\Проекты Antigravity\Актуальные\AlgoResearch Lab\backend\indicators.py", line 152, in _estimate_btc_supply
    return dates.map(get_supply_curve)
           ^^^^^^^^^^^^^^^^^^^^^^^^^^^
  File "C:\Users\User\Desktop\Проекты Antigravity\Актуальные\AlgoResearch Lab\.venv\Lib\site-packages\pandas\core\series.py", line 4719, in map
    new_values = self._map_values(arg, na_action=na_action)
                 ^^^^^^^^^^^^^^^^^^^^^^^^^^^^^^^^^^^^^^^^^^
  File "C:\Users\User\Desktop\Проекты Antigravity\Актуальные\AlgoResearch Lab\.venv\Lib\site-packages\pandas\core\base.py", line 925, in _map_values
    return algorithms.map_array(arr, mapper, na_action=na_action, convert=convert)
           ^^^^^^^^^^^^^^^^^^^^^^^^^^^^^^^^^^^^^^^^^^^^^^^^^^^^^^^^^^^^^^^^^^^^^^^
  File "C:\Users\User\Desktop\Проекты Antigravity\Актуальные\AlgoResearch Lab\.venv\Lib\site-packages\pandas\core\algorithms.py", line 1743, in map_array
    return lib.map_infer(values, mapper, convert=convert)
           ^^^^^^^^^^^^^^^^^^^^^^^^^^^^^^^^^^^^^^^^^^^^^^
  File "pandas/_libs/lib.pyx", line 2999, in pandas._libs.lib.map_infer
  File "C:\Users\User\Desktop\Проекты Antigravity\Актуальные\AlgoResearch Lab\backend\indicators.py", line 124, in get_supply_curve
    if d > t_genesis:
       ^^^^^^^^^^^^^
TypeError: '>' not supported between instances of 'int' and 'Timestamp'

[2026-01-20 13:35:17.975128] Indicator Error: BTC_GM2
Traceback (most recent call last):
  File "C:\Users\User\Desktop\Проекты Antigravity\Актуальные\AlgoResearch Lab\backend\server.py", line 152, in calculate_indicator
    df_result = indicator_engine.apply_indicator(df, req.indicator, **params)
                ^^^^^^^^^^^^^^^^^^^^^^^^^^^^^^^^^^^^^^^^^^^^^^^^^^^^^^^^^^^^^
  File "C:\Users\User\Desktop\Проекты Antigravity\Актуальные\AlgoResearch Lab\backend\indicators.py", line 26, in apply_indicator
    return method(df, **kwargs)
           ^^^^^^^^^^^^^^^^^^^^
  File "C:\Users\User\Desktop\Проекты Antigravity\Актуальные\AlgoResearch Lab\backend\indicators.py", line 205, in ind_BTC_GM2
    df['btc_supply'] = self._estimate_btc_supply(df.index.to_series())
                       ^^^^^^^^^^^^^^^^^^^^^^^^^^^^^^^^^^^^^^^^^^^^^^^
  File "C:\Users\User\Desktop\Проекты Antigravity\Актуальные\AlgoResearch Lab\backend\indicators.py", line 152, in _estimate_btc_supply
    return dates.map(get_supply_curve)
           ^^^^^^^^^^^^^^^^^^^^^^^^^^^
  File "C:\Users\User\Desktop\Проекты Antigravity\Актуальные\AlgoResearch Lab\.venv\Lib\site-packages\pandas\core\series.py", line 4719, in map
    new_values = self._map_values(arg, na_action=na_action)
                 ^^^^^^^^^^^^^^^^^^^^^^^^^^^^^^^^^^^^^^^^^^
  File "C:\Users\User\Desktop\Проекты Antigravity\Актуальные\AlgoResearch Lab\.venv\Lib\site-packages\pandas\core\base.py", line 925, in _map_values
    return algorithms.map_array(arr, mapper, na_action=na_action, convert=convert)
           ^^^^^^^^^^^^^^^^^^^^^^^^^^^^^^^^^^^^^^^^^^^^^^^^^^^^^^^^^^^^^^^^^^^^^^^
  File "C:\Users\User\Desktop\Проекты Antigravity\Актуальные\AlgoResearch Lab\.venv\Lib\site-packages\pandas\core\algorithms.py", line 1743, in map_array
    return lib.map_infer(values, mapper, convert=convert)
           ^^^^^^^^^^^^^^^^^^^^^^^^^^^^^^^^^^^^^^^^^^^^^^
  File "pandas/_libs/lib.pyx", line 2999, in pandas._libs.lib.map_infer
  File "C:\Users\User\Desktop\Проекты Antigravity\Актуальные\AlgoResearch Lab\backend\indicators.py", line 124, in get_supply_curve
    if d > t_genesis:
       ^^^^^^^^^^^^^
TypeError: '>' not supported between instances of 'int' and 'Timestamp'
